kotlin version: 2.1.0
error message: Incremental compilation failed: The following FqNames can't be derived from DirtyData.dirtyLookupSymbols: org.darren.stock.domain.actors.LocationActor.
DirtyData = DirtyData(dirtyLookupSymbols=[LookupSymbol(name=locationActor, scope=org.darren.stock.domain.actors.LocationActor.Companion), LookupSymbol(name=StockSystem, scope=org.darren.stock.domain.stockSystem), LookupSymbol(name=locations, scope=org.darren.stock.domain.stockSystem.StockSystem), LookupSymbol(name=<SAM-CONSTRUCTOR>, scope=org.darren.stock.domain.actors.LocationActor), LookupSymbol(name=<SAM-CONSTRUCTOR>, scope=org.darren.stock.domain.stockSystem.StockSystem), LookupSymbol(name=LocationMessages, scope=org.darren.stock.domain.actors), LookupSymbol(name=Companion, scope=org.darren.stock.domain.actors.LocationActor), LookupSymbol(name=<SAM-CONSTRUCTOR>, scope=org.darren.stock.domain.actors.LocationActor.Companion), LookupSymbol(name=DefineLocationEvent, scope=org.darren.stock.domain.actors.LocationMessages), LookupSymbol(name=GetValue, scope=org.darren.stock.domain.stockSystem)], dirtyClassesFqNames=[org.darren.stock.domain.stockSystem.StockSystem, org.darren.stock.domain.actors.LocationMessages.DefineLocationEvent, org.darren.stock.domain.stockSystem.GetValue, org.darren.stock.domain.actors.LocationActor, org.darren.stock.domain.actors.LocationActor.Companion, org.darren.stock.domain.actors.LocationMessages], dirtyClassesFqNamesForceRecompile=[])
java.lang.IllegalStateException: The following FqNames can't be derived from DirtyData.dirtyLookupSymbols: org.darren.stock.domain.actors.LocationActor.
DirtyData = DirtyData(dirtyLookupSymbols=[LookupSymbol(name=locationActor, scope=org.darren.stock.domain.actors.LocationActor.Companion), LookupSymbol(name=StockSystem, scope=org.darren.stock.domain.stockSystem), LookupSymbol(name=locations, scope=org.darren.stock.domain.stockSystem.StockSystem), LookupSymbol(name=<SAM-CONSTRUCTOR>, scope=org.darren.stock.domain.actors.LocationActor), LookupSymbol(name=<SAM-CONSTRUCTOR>, scope=org.darren.stock.domain.stockSystem.StockSystem), LookupSymbol(name=LocationMessages, scope=org.darren.stock.domain.actors), LookupSymbol(name=Companion, scope=org.darren.stock.domain.actors.LocationActor), LookupSymbol(name=<SAM-CONSTRUCTOR>, scope=org.darren.stock.domain.actors.LocationActor.Companion), LookupSymbol(name=DefineLocationEvent, scope=org.darren.stock.domain.actors.LocationMessages), LookupSymbol(name=GetValue, scope=org.darren.stock.domain.stockSystem)], dirtyClassesFqNames=[org.darren.stock.domain.stockSystem.StockSystem, org.darren.stock.domain.actors.LocationMessages.DefineLocationEvent, org.darren.stock.domain.stockSystem.GetValue, org.darren.stock.domain.actors.LocationActor, org.darren.stock.domain.actors.LocationActor.Companion, org.darren.stock.domain.actors.LocationMessages], dirtyClassesFqNamesForceRecompile=[])
	at org.jetbrains.kotlin.incremental.classpathDiff.ClasspathChangesComputer.toProgramSymbols(ClasspathChangesComputer.kt:381)
	at org.jetbrains.kotlin.incremental.classpathDiff.ClasspathChangesComputer.computeFineGrainedKotlinClassChanges(ClasspathChangesComputer.kt:281)
	at org.jetbrains.kotlin.incremental.classpathDiff.ClasspathChangesComputer.computeKotlinClassChanges(ClasspathChangesComputer.kt:181)
	at org.jetbrains.kotlin.incremental.classpathDiff.ClasspathChangesComputer.computeClassChanges(ClasspathChangesComputer.kt:154)
	at org.jetbrains.kotlin.incremental.classpathDiff.ClasspathChangesComputer.computeChangedAndImpactedSet(ClasspathChangesComputer.kt:104)
	at org.jetbrains.kotlin.incremental.classpathDiff.ClasspathChangesComputer.computeClasspathChanges(ClasspathChangesComputer.kt:72)
	at org.jetbrains.kotlin.incremental.IncrementalJvmCompilerRunner.calculateSourcesToCompileImpl(IncrementalJvmCompilerRunner.kt:205)
	at org.jetbrains.kotlin.incremental.IncrementalJvmCompilerRunner.calculateSourcesToCompile(IncrementalJvmCompilerRunner.kt:143)
	at org.jetbrains.kotlin.incremental.IncrementalJvmCompilerRunner.calculateSourcesToCompile(IncrementalJvmCompilerRunner.kt:73)
	at org.jetbrains.kotlin.incremental.IncrementalCompilerRunner.tryCompileIncrementally$lambda$9$compile(IncrementalCompilerRunner.kt:225)
	at org.jetbrains.kotlin.incremental.IncrementalCompilerRunner.tryCompileIncrementally(IncrementalCompilerRunner.kt:267)
	at org.jetbrains.kotlin.incremental.IncrementalCompilerRunner.compile(IncrementalCompilerRunner.kt:120)
	at org.jetbrains.kotlin.daemon.CompileServiceImplBase.execIncrementalCompiler(CompileServiceImpl.kt:674)
	at org.jetbrains.kotlin.daemon.CompileServiceImplBase.access$execIncrementalCompiler(CompileServiceImpl.kt:91)
	at org.jetbrains.kotlin.daemon.CompileServiceImpl.compile(CompileServiceImpl.kt:1659)
	at jdk.internal.reflect.GeneratedMethodAccessor12.invoke(Unknown Source)
	at java.base/jdk.internal.reflect.DelegatingMethodAccessorImpl.invoke(DelegatingMethodAccessorImpl.java:43)
	at java.base/java.lang.reflect.Method.invoke(Method.java:569)
	at java.rmi/sun.rmi.server.UnicastServerRef.dispatch(UnicastServerRef.java:360)
	at java.rmi/sun.rmi.transport.Transport$1.run(Transport.java:200)
	at java.rmi/sun.rmi.transport.Transport$1.run(Transport.java:197)
	at java.base/java.security.AccessController.doPrivileged(AccessController.java:712)
	at java.rmi/sun.rmi.transport.Transport.serviceCall(Transport.java:196)
	at java.rmi/sun.rmi.transport.tcp.TCPTransport.handleMessages(TCPTransport.java:587)
	at java.rmi/sun.rmi.transport.tcp.TCPTransport$ConnectionHandler.run0(TCPTransport.java:828)
	at java.rmi/sun.rmi.transport.tcp.TCPTransport$ConnectionHandler.lambda$run$0(TCPTransport.java:705)
	at java.base/java.security.AccessController.doPrivileged(AccessController.java:399)
	at java.rmi/sun.rmi.transport.tcp.TCPTransport$ConnectionHandler.run(TCPTransport.java:704)
	at java.base/java.util.concurrent.ThreadPoolExecutor.runWorker(ThreadPoolExecutor.java:1136)
	at java.base/java.util.concurrent.ThreadPoolExecutor$Worker.run(ThreadPoolExecutor.java:635)
	at java.base/java.lang.Thread.run(Thread.java:840)


